Process rank: 1
Time elapsed after getTime() in 0.4459 seconds
Process rank: 2
Time elapsed after getTime() in 0.4459 seconds
Process rank: 3
Time elapsed after getTime() in 0.4459 seconds
Process rank: 4
Time elapsed after getTime() in 0.4459 seconds
Process rank: 5
Time elapsed after getTime() in 0.4459 seconds
Process rank: 6
Time elapsed after getTime() in 0.4459 seconds
Process rank: 7
Time elapsed after getTime() in 0.4459 seconds
Process rank: 8
Time elapsed after getTime() in 0.4459 seconds
Process rank: 9
Time elapsed after getTime() in 0.4459 seconds
Process rank: 10
Time elapsed after getTime() in 0.4459 seconds
Process rank: 11
Time elapsed after getTime() in 0.4459 seconds
Process rank: 0
pi is approximately 3.1415926555898399, Error is 0.0000000020000468
Computed in 0.3768 seconds
Time elapsed after getTime() in 0.379 seconds


Batch Job Summary Report (version 21.01.1) for Job "cpi_mpi" (29980283) on daint

Job information (1/2)
-----------------------------------------------------------------------------------------------------
             Submit            Eligible               Start                 End    Elapsed Time limit
------------------- ------------------- ------------------- ------------------- ---------- ----------
2021-03-17T21:49:26 2021-03-17T21:49:26 2021-03-17T21:49:28 2021-03-17T21:49:35   00:00:07   00:05:00
-----------------------------------------------------------------------------------------------------

Job information (2/2)
-------------------------------------------------------------
    Username      Account    Partition   NNodes        Energy
------------ ------------ ------------ -------- -------------
    rwassink         uzg2        debug        1      0.232 kJ

