PI = 3.14159265358979 computed in 0.08598 seconds
PI = 3.141592656731382 computed in 0.07905 seconds
PI = 3.141592656731382 computed in 0.07704 seconds
PI = 3.141592656731382 computed in 0.07683 seconds
PI = 3.141592656731382 computed in 0.07699 seconds


Batch Job Summary Report (version 21.01.1) for Job "iterate_cpi_cuda" (31326402) on daint

Job information (1/3)
-----------------------------------------------------------------------------------------------------
             Submit            Eligible               Start                 End    Elapsed Time limit
------------------- ------------------- ------------------- ------------------- ---------- ----------
2021-05-18T22:18:07 2021-05-18T22:18:07 2021-05-18T22:18:08 2021-05-18T22:18:20   00:00:12   00:05:00
-----------------------------------------------------------------------------------------------------

Job information (2/3)
-------------------------------------------------------------
    Username      Account    Partition   NNodes        Energy
------------ ------------ ------------ -------- -------------
    rwassink         uzg2        debug        1      0.487 kJ

Job information (3/3) - GPU utilization data
----------------------------------------------------
   Node name       Usage      Max mem Execution time
------------ ----------- ------------ --------------
    nid02356        10 %      255 MiB       00:00:00

